Determining if the pthread_create exist failed with the following output:
Change Dir: /home/khanhcrbale/ESPL/build/CMakeFiles/CMakeTmp

Run Build Command:"/usr/bin/make" "cmTC_ce53b/fast"
/usr/bin/make -f CMakeFiles/cmTC_ce53b.dir/build.make CMakeFiles/cmTC_ce53b.dir/build
make[1]: Entering directory '/home/khanhcrbale/ESPL/build/CMakeFiles/CMakeTmp'
Building C object CMakeFiles/cmTC_ce53b.dir/CheckSymbolExists.c.o
/usr/bin/cc    -o CMakeFiles/cmTC_ce53b.dir/CheckSymbolExists.c.o   -c /home/khanhcrbale/ESPL/build/CMakeFiles/CMakeTmp/CheckSymbolExists.c
Linking C executable cmTC_ce53b
/usr/bin/cmake -E cmake_link_script CMakeFiles/cmTC_ce53b.dir/link.txt --verbose=1
/usr/bin/cc      CMakeFiles/cmTC_ce53b.dir/CheckSymbolExists.c.o  -o cmTC_ce53b 
CMakeFiles/cmTC_ce53b.dir/CheckSymbolExists.c.o: In function `main':
CheckSymbolExists.c:(.text+0x1b): undefined reference to `pthread_create'
collect2: error: ld returned 1 exit status
CMakeFiles/cmTC_ce53b.dir/build.make:97: recipe for target 'cmTC_ce53b' failed
make[1]: *** [cmTC_ce53b] Error 1
make[1]: Leaving directory '/home/khanhcrbale/ESPL/build/CMakeFiles/CMakeTmp'
Makefile:126: recipe for target 'cmTC_ce53b/fast' failed
make: *** [cmTC_ce53b/fast] Error 2

File /home/khanhcrbale/ESPL/build/CMakeFiles/CMakeTmp/CheckSymbolExists.c:
/* */
#include <pthread.h>

int main(int argc, char** argv)
{
  (void)argv;
#ifndef pthread_create
  return ((int*)(&pthread_create))[argc];
#else
  (void)argc;
  return 0;
#endif
}

Determining if the function pthread_create exists in the pthreads failed with the following output:
Change Dir: /home/khanhcrbale/ESPL/build/CMakeFiles/CMakeTmp

Run Build Command:"/usr/bin/make" "cmTC_43fa4/fast"
/usr/bin/make -f CMakeFiles/cmTC_43fa4.dir/build.make CMakeFiles/cmTC_43fa4.dir/build
make[1]: Entering directory '/home/khanhcrbale/ESPL/build/CMakeFiles/CMakeTmp'
Building C object CMakeFiles/cmTC_43fa4.dir/CheckFunctionExists.c.o
/usr/bin/cc   -DCHECK_FUNCTION_EXISTS=pthread_create   -o CMakeFiles/cmTC_43fa4.dir/CheckFunctionExists.c.o   -c /usr/share/cmake-3.10/Modules/CheckFunctionExists.c
Linking C executable cmTC_43fa4
/usr/bin/cmake -E cmake_link_script CMakeFiles/cmTC_43fa4.dir/link.txt --verbose=1
/usr/bin/cc  -DCHECK_FUNCTION_EXISTS=pthread_create    CMakeFiles/cmTC_43fa4.dir/CheckFunctionExists.c.o  -o cmTC_43fa4 -lpthreads 
/usr/bin/ld: cannot find -lpthreads
collect2: error: ld returned 1 exit status
CMakeFiles/cmTC_43fa4.dir/build.make:97: recipe for target 'cmTC_43fa4' failed
make[1]: *** [cmTC_43fa4] Error 1
make[1]: Leaving directory '/home/khanhcrbale/ESPL/build/CMakeFiles/CMakeTmp'
Makefile:126: recipe for target 'cmTC_43fa4/fast' failed
make: *** [cmTC_43fa4/fast] Error 2


